# JRE version: OpenJDK Runtime Environment (21.0.8) (build 21.0.8+-14196175-b1038.72)
# Java VM: OpenJDK 64-Bit Server VM (21.0.8+-14196175-b1038.72, mixed mode, tiered, compressed oops, compressed class ptrs, g1 gc, windows-amd64)
GC Precious Log:
 CardTable entry size: 512
 Card Set container configuration: InlinePtr #cards 5 size 8 Array Of Cards #cards 12 size 40 Howl #buckets 4 coarsen threshold 1843 Howl Bitmap #cards 512 size 80 coarsen threshold 460 Card regions per heap region 1 cards per card region 2048
 CPUs: 12 total, 12 available
 Memory: 7501M
 Large Page Support: Disabled
 NUMA Support: Disabled
 Compressed Oops: Enabled (32-bit)
 Heap Region Size: 1M
 Heap Min Capacity: 8M
 Heap Initial Capacity: 118M
 Heap Max Capacity: 2G
 Pre-touch: Disabled
 Parallel Workers: 10
 Concurrent Workers: 3
 Concurrent Refinement Workers: 10
 Periodic GC: Disabled
Heap:
 garbage-first heap   total 404480K, used 369481K [0x0000000080000000, 0x0000000100000000)
  region size 1024K, 128 young (131072K), 7 survivors (7168K)
 Metaspace       used 205924K, committed 208960K, reserved 1245184K
  class space    used 26985K, committed 28480K, reserved 1048576K
GC Heap History (20 events):
Event: 789.866 GC heap before
{Heap before GC invocations=58 (full 0):
 garbage-first heap   total 358400K, used 299069K [0x0000000080000000, 0x0000000100000000)
  region size 1024K, 91 young (93184K), 8 survivors (8192K)
 Metaspace       used 148620K, committed 151232K, reserved 1179648K
  class space    used 19987K, committed 21248K, reserved 1048576K
}
Event: 789.881 GC heap after
{Heap after GC invocations=59 (full 0):
 garbage-first heap   total 358400K, used 222234K [0x0000000080000000, 0x0000000100000000)
  region size 1024K, 9 young (9216K), 9 survivors (9216K)
 Metaspace       used 148620K, committed 151232K, reserved 1179648K
  class space    used 19987K, committed 21248K, reserved 1048576K
}
Event: 792.037 GC heap before
{Heap before GC invocations=59 (full 0):
 garbage-first heap   total 358400K, used 322586K [0x0000000080000000, 0x0000000100000000)
  region size 1024K, 108 young (110592K), 9 survivors (9216K)
 Metaspace       used 163810K, committed 166400K, reserved 1245184K
  class space    used 21493K, committed 22784K, reserved 1048576K
}
Event: 792.053 GC heap after
{Heap after GC invocations=60 (full 0):
 garbage-first heap   total 358400K, used 223493K [0x0000000080000000, 0x0000000100000000)
  region size 1024K, 4 young (4096K), 4 survivors (4096K)
 Metaspace       used 163810K, committed 166400K, reserved 1245184K
  class space    used 21493K, committed 22784K, reserved 1048576K
}
Event: 792.581 GC heap before
{Heap before GC invocations=60 (full 0):
 garbage-first heap   total 358400K, used 249093K [0x0000000080000000, 0x0000000100000000)
  region size 1024K, 30 young (30720K), 4 survivors (4096K)
 Metaspace       used 165675K, committed 168384K, reserved 1245184K
  class space    used 21762K, committed 23040K, reserved 1048576K
}
Event: 792.587 GC heap after
{Heap after GC invocations=61 (full 0):
 garbage-first heap   total 358400K, used 224424K [0x0000000080000000, 0x0000000100000000)
  region size 1024K, 5 young (5120K), 5 survivors (5120K)
 Metaspace       used 165675K, committed 168384K, reserved 1245184K
  class space    used 21762K, committed 23040K, reserved 1048576K
}
Event: 795.066 GC heap before
{Heap before GC invocations=62 (full 0):
 garbage-first heap   total 377856K, used 332968K [0x0000000080000000, 0x0000000100000000)
  region size 1024K, 111 young (113664K), 5 survivors (5120K)
 Metaspace       used 172924K, committed 175616K, reserved 1245184K
  class space    used 22998K, committed 24320K, reserved 1048576K
}
Event: 795.078 GC heap after
{Heap after GC invocations=63 (full 0):
 garbage-first heap   total 377856K, used 222436K [0x0000000080000000, 0x0000000100000000)
  region size 1024K, 10 young (10240K), 10 survivors (10240K)
 Metaspace       used 172924K, committed 175616K, reserved 1245184K
  class space    used 22998K, committed 24320K, reserved 1048576K
}
Event: 797.291 GC heap before
{Heap before GC invocations=63 (full 0):
 garbage-first heap   total 377856K, used 353508K [0x0000000080000000, 0x0000000100000000)
  region size 1024K, 132 young (135168K), 10 survivors (10240K)
 Metaspace       used 179173K, committed 181888K, reserved 1245184K
  class space    used 23819K, committed 25152K, reserved 1048576K
}
Event: 797.314 GC heap after
{Heap after GC invocations=64 (full 0):
 garbage-first heap   total 377856K, used 229249K [0x0000000080000000, 0x0000000100000000)
  region size 1024K, 15 young (15360K), 15 survivors (15360K)
 Metaspace       used 179173K, committed 181888K, reserved 1245184K
  class space    used 23819K, committed 25152K, reserved 1048576K
}
Event: 798.675 GC heap before
{Heap before GC invocations=64 (full 0):
 garbage-first heap   total 377856K, used 341889K [0x0000000080000000, 0x0000000100000000)
  region size 1024K, 125 young (128000K), 15 survivors (15360K)
 Metaspace       used 179173K, committed 181888K, reserved 1245184K
  class space    used 23819K, committed 25152K, reserved 1048576K
}
Event: 798.694 GC heap after
{Heap after GC invocations=65 (full 0):
 garbage-first heap   total 377856K, used 232782K [0x0000000080000000, 0x0000000100000000)
  region size 1024K, 6 young (6144K), 6 survivors (6144K)
 Metaspace       used 179173K, committed 181888K, reserved 1245184K
  class space    used 23819K, committed 25152K, reserved 1048576K
}
Event: 800.109 GC heap before
{Heap before GC invocations=66 (full 0):
 garbage-first heap   total 388096K, used 348494K [0x0000000080000000, 0x0000000100000000)
  region size 1024K, 121 young (123904K), 6 survivors (6144K)
 Metaspace       used 179411K, committed 182080K, reserved 1245184K
  class space    used 23848K, committed 25152K, reserved 1048576K
}
Event: 800.120 GC heap after
{Heap after GC invocations=67 (full 0):
 garbage-first heap   total 388096K, used 235233K [0x0000000080000000, 0x0000000100000000)
  region size 1024K, 10 young (10240K), 10 survivors (10240K)
 Metaspace       used 179411K, committed 182080K, reserved 1245184K
  class space    used 23848K, committed 25152K, reserved 1048576K
}
Event: 802.694 GC heap before
{Heap before GC invocations=67 (full 0):
 garbage-first heap   total 388096K, used 357089K [0x0000000080000000, 0x0000000100000000)
  region size 1024K, 128 young (131072K), 10 survivors (10240K)
 Metaspace       used 192051K, committed 195008K, reserved 1245184K
  class space    used 25475K, committed 26944K, reserved 1048576K
}
Event: 802.710 GC heap after
{Heap after GC invocations=68 (full 0):
 garbage-first heap   total 388096K, used 234135K [0x0000000080000000, 0x0000000100000000)
  region size 1024K, 13 young (13312K), 13 survivors (13312K)
 Metaspace       used 192051K, committed 195008K, reserved 1245184K
  class space    used 25475K, committed 26944K, reserved 1048576K
}
Event: 804.773 GC heap before
{Heap before GC invocations=68 (full 0):
 garbage-first heap   total 388096K, used 352919K [0x0000000080000000, 0x0000000100000000)
  region size 1024K, 130 young (133120K), 13 survivors (13312K)
 Metaspace       used 195015K, committed 197952K, reserved 1245184K
  class space    used 25811K, committed 27264K, reserved 1048576K
}
Event: 804.792 GC heap after
{Heap after GC invocations=69 (full 0):
 garbage-first heap   total 388096K, used 241481K [0x0000000080000000, 0x0000000100000000)
  region size 1024K, 17 young (17408K), 17 survivors (17408K)
 Metaspace       used 195015K, committed 197952K, reserved 1245184K
  class space    used 25811K, committed 27264K, reserved 1048576K
}
Event: 807.346 GC heap before
{Heap before GC invocations=70 (full 0):
 garbage-first heap   total 404480K, used 346953K [0x0000000080000000, 0x0000000100000000)
  region size 1024K, 121 young (123904K), 17 survivors (17408K)
 Metaspace       used 203494K, committed 206464K, reserved 1245184K
  class space    used 26725K, committed 28160K, reserved 1048576K
}
Event: 807.370 GC heap after
{Heap after GC invocations=71 (full 0):
 garbage-first heap   total 404480K, used 247625K [0x0000000080000000, 0x0000000100000000)
  region size 1024K, 7 young (7168K), 7 survivors (7168K)
 Metaspace       used 203494K, committed 206464K, reserved 1245184K
  class space    used 26725K, committed 28160K, reserved 1048576K
}

