# JRE version: OpenJDK Runtime Environment (21.0.8) (build 21.0.8+-14196175-b1038.72)
# Java VM: OpenJDK 64-Bit Server VM (21.0.8+-14196175-b1038.72, mixed mode, tiered, compressed oops, compressed class ptrs, g1 gc, windows-amd64)
GC Precious Log:
 CardTable entry size: 512
 Card Set container configuration: InlinePtr #cards 5 size 8 Array Of Cards #cards 12 size 40 Howl #buckets 4 coarsen threshold 1843 Howl Bitmap #cards 512 size 80 coarsen threshold 460 Card regions per heap region 1 cards per card region 2048
 CPUs: 12 total, 12 available
 Memory: 7501M
 Large Page Support: Disabled
 NUMA Support: Disabled
 Compressed Oops: Enabled (32-bit)
 Heap Region Size: 1M
 Heap Min Capacity: 8M
 Heap Initial Capacity: 118M
 Heap Max Capacity: 1876M
 Pre-touch: Disabled
 Parallel Workers: 10
 Concurrent Workers: 3
 Concurrent Refinement Workers: 10
 Periodic GC: Disabled
Heap:
 garbage-first heap   total 152576K, used 123532K [0x000000008ac00000, 0x0000000100000000)
  region size 1024K, 49 young (50176K), 5 survivors (5120K)
 Metaspace       used 84832K, committed 85632K, reserved 1179648K
  class space    used 9118K, committed 9472K, reserved 1048576K
GC Heap History (20 events):
Event: 10.291 GC heap before
{Heap before GC invocations=27 (full 0):
 garbage-first heap   total 94208K, used 81315K [0x000000008ac00000, 0x0000000100000000)
  region size 1024K, 36 young (36864K), 5 survivors (5120K)
 Metaspace       used 57760K, committed 58432K, reserved 1114112K
  class space    used 6606K, committed 6912K, reserved 1048576K
}
Event: 10.307 GC heap after
{Heap after GC invocations=28 (full 0):
 garbage-first heap   total 94208K, used 51680K [0x000000008ac00000, 0x0000000100000000)
  region size 1024K, 3 young (3072K), 3 survivors (3072K)
 Metaspace       used 57760K, committed 58432K, reserved 1114112K
  class space    used 6606K, committed 6912K, reserved 1048576K
}
Event: 11.678 GC heap before
{Heap before GC invocations=28 (full 0):
 garbage-first heap   total 94208K, used 82400K [0x000000008ac00000, 0x0000000100000000)
  region size 1024K, 33 young (33792K), 3 survivors (3072K)
 Metaspace       used 58358K, committed 59072K, reserved 1114112K
  class space    used 6627K, committed 6976K, reserved 1048576K
}
Event: 11.699 GC heap after
{Heap after GC invocations=29 (full 0):
 garbage-first heap   total 94208K, used 55051K [0x000000008ac00000, 0x0000000100000000)
  region size 1024K, 5 young (5120K), 5 survivors (5120K)
 Metaspace       used 58358K, committed 59072K, reserved 1114112K
  class space    used 6627K, committed 6976K, reserved 1048576K
}
Event: 14.029 GC heap before
{Heap before GC invocations=30 (full 0):
 garbage-first heap   total 94208K, used 84747K [0x000000008ac00000, 0x0000000100000000)
  region size 1024K, 32 young (32768K), 5 survivors (5120K)
 Metaspace       used 58686K, committed 59392K, reserved 1114112K
  class space    used 6635K, committed 6976K, reserved 1048576K
}
Event: 14.045 GC heap after
{Heap after GC invocations=31 (full 0):
 garbage-first heap   total 94208K, used 59708K [0x000000008ac00000, 0x0000000100000000)
  region size 1024K, 3 young (3072K), 3 survivors (3072K)
 Metaspace       used 58686K, committed 59392K, reserved 1114112K
  class space    used 6635K, committed 6976K, reserved 1048576K
}
Event: 14.737 GC heap before
{Heap before GC invocations=31 (full 0):
 garbage-first heap   total 94208K, used 84284K [0x000000008ac00000, 0x0000000100000000)
  region size 1024K, 27 young (27648K), 3 survivors (3072K)
 Metaspace       used 60019K, committed 60736K, reserved 1114112K
  class space    used 6761K, committed 7104K, reserved 1048576K
}
Event: 14.748 GC heap after
{Heap after GC invocations=32 (full 0):
 garbage-first heap   total 94208K, used 60915K [0x000000008ac00000, 0x0000000100000000)
  region size 1024K, 2 young (2048K), 2 survivors (2048K)
 Metaspace       used 60019K, committed 60736K, reserved 1114112K
  class space    used 6761K, committed 7104K, reserved 1048576K
}
Event: 15.258 GC heap before
{Heap before GC invocations=32 (full 0):
 garbage-first heap   total 94208K, used 84467K [0x000000008ac00000, 0x0000000100000000)
  region size 1024K, 26 young (26624K), 2 survivors (2048K)
 Metaspace       used 63851K, committed 64576K, reserved 1114112K
  class space    used 7149K, committed 7488K, reserved 1048576K
}
Event: 15.267 GC heap after
{Heap after GC invocations=33 (full 0):
 garbage-first heap   total 94208K, used 61892K [0x000000008ac00000, 0x0000000100000000)
  region size 1024K, 3 young (3072K), 3 survivors (3072K)
 Metaspace       used 63851K, committed 64576K, reserved 1114112K
  class space    used 7149K, committed 7488K, reserved 1048576K
}
Event: 15.925 GC heap before
{Heap before GC invocations=34 (full 0):
 garbage-first heap   total 104448K, used 83396K [0x000000008ac00000, 0x0000000100000000)
  region size 1024K, 25 young (25600K), 3 survivors (3072K)
 Metaspace       used 66802K, committed 67456K, reserved 1114112K
  class space    used 7432K, committed 7744K, reserved 1048576K
}
Event: 15.937 GC heap after
{Heap after GC invocations=35 (full 0):
 garbage-first heap   total 104448K, used 64192K [0x000000008ac00000, 0x0000000100000000)
  region size 1024K, 4 young (4096K), 4 survivors (4096K)
 Metaspace       used 66802K, committed 67456K, reserved 1114112K
  class space    used 7432K, committed 7744K, reserved 1048576K
}
Event: 17.719 GC heap before
{Heap before GC invocations=35 (full 0):
 garbage-first heap   total 104448K, used 92864K [0x000000008ac00000, 0x0000000100000000)
  region size 1024K, 32 young (32768K), 4 survivors (4096K)
 Metaspace       used 69313K, committed 70080K, reserved 1114112K
  class space    used 7723K, committed 8064K, reserved 1048576K
}
Event: 17.740 GC heap after
{Heap after GC invocations=36 (full 0):
 garbage-first heap   total 104448K, used 68287K [0x000000008ac00000, 0x0000000100000000)
  region size 1024K, 4 young (4096K), 4 survivors (4096K)
 Metaspace       used 69313K, committed 70080K, reserved 1114112K
  class space    used 7723K, committed 8064K, reserved 1048576K
}
Event: 19.361 GC heap before
{Heap before GC invocations=36 (full 0):
 garbage-first heap   total 104448K, used 93887K [0x000000008ac00000, 0x0000000100000000)
  region size 1024K, 29 young (29696K), 4 survivors (4096K)
 Metaspace       used 70063K, committed 70848K, reserved 1114112K
  class space    used 7779K, committed 8128K, reserved 1048576K
}
Event: 19.384 GC heap after
{Heap after GC invocations=37 (full 0):
 garbage-first heap   total 105472K, used 75126K [0x000000008ac00000, 0x0000000100000000)
  region size 1024K, 4 young (4096K), 4 survivors (4096K)
 Metaspace       used 70063K, committed 70848K, reserved 1114112K
  class space    used 7779K, committed 8128K, reserved 1048576K
}
Event: 19.958 GC heap before
{Heap before GC invocations=38 (full 0):
 garbage-first heap   total 126976K, used 92534K [0x000000008ac00000, 0x0000000100000000)
  region size 1024K, 22 young (22528K), 4 survivors (4096K)
 Metaspace       used 72807K, committed 73600K, reserved 1114112K
  class space    used 8105K, committed 8448K, reserved 1048576K
}
Event: 19.968 GC heap after
{Heap after GC invocations=39 (full 0):
 garbage-first heap   total 126976K, used 77468K [0x000000008ac00000, 0x0000000100000000)
  region size 1024K, 2 young (2048K), 2 survivors (2048K)
 Metaspace       used 72807K, committed 73600K, reserved 1114112K
  class space    used 8105K, committed 8448K, reserved 1048576K
}
Event: 20.810 GC heap before
{Heap before GC invocations=39 (full 0):
 garbage-first heap   total 126976K, used 111260K [0x000000008ac00000, 0x0000000100000000)
  region size 1024K, 36 young (36864K), 2 survivors (2048K)
 Metaspace       used 78603K, committed 79424K, reserved 1179648K
  class space    used 8634K, committed 9024K, reserved 1048576K
}
Event: 20.824 GC heap after
{Heap after GC invocations=40 (full 0):
 garbage-first heap   total 152576K, used 79500K [0x000000008ac00000, 0x0000000100000000)
  region size 1024K, 5 young (5120K), 5 survivors (5120K)
 Metaspace       used 78603K, committed 79424K, reserved 1179648K
  class space    used 8634K, committed 9024K, reserved 1048576K
}

