# JRE version: OpenJDK Runtime Environment (21.0.8) (build 21.0.8+-14196175-b1038.72)
# Java VM: OpenJDK 64-Bit Server VM (21.0.8+-14196175-b1038.72, mixed mode, tiered, compressed oops, compressed class ptrs, g1 gc, windows-amd64)
GC Precious Log:
 CardTable entry size: 512
 Card Set container configuration: InlinePtr #cards 5 size 8 Array Of Cards #cards 12 size 40 Howl #buckets 4 coarsen threshold 1843 Howl Bitmap #cards 512 size 80 coarsen threshold 460 Card regions per heap region 1 cards per card region 2048
 CPUs: 12 total, 12 available
 Memory: 7501M
 Large Page Support: Disabled
 NUMA Support: Disabled
 Compressed Oops: Enabled (32-bit)
 Heap Region Size: 1M
 Heap Min Capacity: 8M
 Heap Initial Capacity: 118M
 Heap Max Capacity: 2G
 Pre-touch: Disabled
 Parallel Workers: 10
 Concurrent Workers: 3
 Concurrent Refinement Workers: 10
 Periodic GC: Disabled
Heap:
 garbage-first heap   total 399360K, used 330910K [0x0000000080000000, 0x0000000100000000)
  region size 1024K, 117 young (119808K), 11 survivors (11264K)
 Metaspace       used 163408K, committed 166016K, reserved 1245184K
  class space    used 21937K, committed 23232K, reserved 1048576K
GC Heap History (20 events):
Event: 195.370 GC heap before
{Heap before GC invocations=56 (full 0):
 garbage-first heap   total 334848K, used 301886K [0x0000000080000000, 0x0000000100000000)
  region size 1024K, 101 young (103424K), 14 survivors (14336K)
 Metaspace       used 155278K, committed 157696K, reserved 1245184K
  class space    used 21087K, committed 22272K, reserved 1048576K
}
Event: 195.389 GC heap after
{Heap after GC invocations=57 (full 0):
 garbage-first heap   total 334848K, used 223119K [0x0000000080000000, 0x0000000100000000)
  region size 1024K, 10 young (10240K), 10 survivors (10240K)
 Metaspace       used 155278K, committed 157696K, reserved 1245184K
  class space    used 21087K, committed 22272K, reserved 1048576K
}
Event: 197.415 GC heap before
{Heap before GC invocations=58 (full 0):
 garbage-first heap   total 373760K, used 302991K [0x0000000080000000, 0x0000000100000000)
  region size 1024K, 89 young (91136K), 10 survivors (10240K)
 Metaspace       used 157876K, committed 160384K, reserved 1245184K
  class space    used 21420K, committed 22656K, reserved 1048576K
}
Event: 197.425 GC heap after
{Heap after GC invocations=59 (full 0):
 garbage-first heap   total 373760K, used 226658K [0x0000000080000000, 0x0000000100000000)
  region size 1024K, 6 young (6144K), 6 survivors (6144K)
 Metaspace       used 157876K, committed 160384K, reserved 1245184K
  class space    used 21420K, committed 22656K, reserved 1048576K
}
Event: 405.687 GC heap before
{Heap before GC invocations=59 (full 0):
 garbage-first heap   total 373760K, used 346466K [0x0000000080000000, 0x0000000100000000)
  region size 1024K, 124 young (126976K), 6 survivors (6144K)
 Metaspace       used 160889K, committed 163456K, reserved 1245184K
  class space    used 21858K, committed 23104K, reserved 1048576K
}
Event: 405.759 GC heap after
{Heap after GC invocations=60 (full 0):
 garbage-first heap   total 373760K, used 231708K [0x0000000080000000, 0x0000000100000000)
  region size 1024K, 13 young (13312K), 13 survivors (13312K)
 Metaspace       used 160889K, committed 163456K, reserved 1245184K
  class space    used 21858K, committed 23104K, reserved 1048576K
}
Event: 439.217 GC heap before
{Heap before GC invocations=60 (full 0):
 garbage-first heap   total 373760K, used 339228K [0x0000000080000000, 0x0000000100000000)
  region size 1024K, 119 young (121856K), 13 survivors (13312K)
 Metaspace       used 161208K, committed 163712K, reserved 1245184K
  class space    used 21863K, committed 23104K, reserved 1048576K
}
Event: 439.242 GC heap after
{Heap after GC invocations=61 (full 0):
 garbage-first heap   total 373760K, used 238381K [0x0000000080000000, 0x0000000100000000)
  region size 1024K, 8 young (8192K), 8 survivors (8192K)
 Metaspace       used 161208K, committed 163712K, reserved 1245184K
  class space    used 21863K, committed 23104K, reserved 1048576K
}
Event: 454.443 GC heap before
{Heap before GC invocations=62 (full 0):
 garbage-first heap   total 399360K, used 342829K [0x0000000080000000, 0x0000000100000000)
  region size 1024K, 111 young (113664K), 8 survivors (8192K)
 Metaspace       used 161558K, committed 164096K, reserved 1245184K
  class space    used 21870K, committed 23168K, reserved 1048576K
}
Event: 454.450 GC heap after
{Heap after GC invocations=63 (full 0):
 garbage-first heap   total 399360K, used 235439K [0x0000000080000000, 0x0000000100000000)
  region size 1024K, 5 young (5120K), 5 survivors (5120K)
 Metaspace       used 161558K, committed 164096K, reserved 1245184K
  class space    used 21870K, committed 23168K, reserved 1048576K
}
Event: 795.041 GC heap before
{Heap before GC invocations=63 (full 0):
 garbage-first heap   total 399360K, used 371631K [0x0000000080000000, 0x0000000100000000)
  region size 1024K, 139 young (142336K), 5 survivors (5120K)
 Metaspace       used 161934K, committed 164480K, reserved 1245184K
  class space    used 21877K, committed 23168K, reserved 1048576K
}
Event: 795.070 GC heap after
{Heap after GC invocations=64 (full 0):
 garbage-first heap   total 399360K, used 227346K [0x0000000080000000, 0x0000000100000000)
  region size 1024K, 5 young (5120K), 5 survivors (5120K)
 Metaspace       used 161934K, committed 164480K, reserved 1245184K
  class space    used 21877K, committed 23168K, reserved 1048576K
}
Event: 870.545 GC heap before
{Heap before GC invocations=64 (full 0):
 garbage-first heap   total 399360K, used 371730K [0x0000000080000000, 0x0000000100000000)
  region size 1024K, 147 young (150528K), 5 survivors (5120K)
 Metaspace       used 162268K, committed 164800K, reserved 1245184K
  class space    used 21878K, committed 23168K, reserved 1048576K
}
Event: 870.563 GC heap after
{Heap after GC invocations=65 (full 0):
 garbage-first heap   total 399360K, used 229759K [0x0000000080000000, 0x0000000100000000)
  region size 1024K, 7 young (7168K), 7 survivors (7168K)
 Metaspace       used 162268K, committed 164800K, reserved 1245184K
  class space    used 21878K, committed 23168K, reserved 1048576K
}
Event: 994.934 GC heap before
{Heap before GC invocations=66 (full 0):
 garbage-first heap   total 399360K, used 370047K [0x0000000080000000, 0x0000000100000000)
  region size 1024K, 145 young (148480K), 7 survivors (7168K)
 Metaspace       used 162528K, committed 165120K, reserved 1245184K
  class space    used 21881K, committed 23168K, reserved 1048576K
}
Event: 994.946 GC heap after
{Heap after GC invocations=67 (full 0):
 garbage-first heap   total 399360K, used 230116K [0x0000000080000000, 0x0000000100000000)
  region size 1024K, 7 young (7168K), 7 survivors (7168K)
 Metaspace       used 162528K, committed 165120K, reserved 1245184K
  class space    used 21881K, committed 23168K, reserved 1048576K
}
Event: 1064.136 GC heap before
{Heap before GC invocations=67 (full 0):
 garbage-first heap   total 399360K, used 370404K [0x0000000080000000, 0x0000000100000000)
  region size 1024K, 145 young (148480K), 7 survivors (7168K)
 Metaspace       used 162750K, committed 165312K, reserved 1245184K
  class space    used 21887K, committed 23168K, reserved 1048576K
}
Event: 1064.156 GC heap after
{Heap after GC invocations=68 (full 0):
 garbage-first heap   total 399360K, used 221169K [0x0000000080000000, 0x0000000100000000)
  region size 1024K, 8 young (8192K), 8 survivors (8192K)
 Metaspace       used 162750K, committed 165312K, reserved 1245184K
  class space    used 21887K, committed 23168K, reserved 1048576K
}
Event: 1097.627 GC heap before
{Heap before GC invocations=68 (full 0):
 garbage-first heap   total 399360K, used 368625K [0x0000000080000000, 0x0000000100000000)
  region size 1024K, 153 young (156672K), 8 survivors (8192K)
 Metaspace       used 163047K, committed 165568K, reserved 1245184K
  class space    used 21895K, committed 23168K, reserved 1048576K
}
Event: 1097.643 GC heap after
{Heap after GC invocations=69 (full 0):
 garbage-first heap   total 399360K, used 224414K [0x0000000080000000, 0x0000000100000000)
  region size 1024K, 11 young (11264K), 11 survivors (11264K)
 Metaspace       used 163047K, committed 165568K, reserved 1245184K
  class space    used 21895K, committed 23168K, reserved 1048576K
}

