# JRE version: OpenJDK Runtime Environment (21.0.8) (build 21.0.8+-14196175-b1038.72)
# Java VM: OpenJDK 64-Bit Server VM (21.0.8+-14196175-b1038.72, mixed mode, tiered, compressed oops, compressed class ptrs, g1 gc, windows-amd64)
GC Precious Log:
 CardTable entry size: 512
 Card Set container configuration: InlinePtr #cards 5 size 8 Array Of Cards #cards 12 size 40 Howl #buckets 4 coarsen threshold 1843 Howl Bitmap #cards 512 size 80 coarsen threshold 460 Card regions per heap region 1 cards per card region 2048
 CPUs: 12 total, 12 available
 Memory: 7501M
 Large Page Support: Disabled
 NUMA Support: Disabled
 Compressed Oops: Enabled (32-bit)
 Heap Region Size: 1M
 Heap Min Capacity: 8M
 Heap Initial Capacity: 118M
 Heap Max Capacity: 2G
 Pre-touch: Disabled
 Parallel Workers: 10
 Concurrent Workers: 3
 Concurrent Refinement Workers: 10
 Periodic GC: Disabled
Heap:
 garbage-first heap   total 374784K, used 252218K [0x0000000080000000, 0x0000000100000000)
  region size 1024K, 10 young (10240K), 3 survivors (3072K)
 Metaspace       used 166831K, committed 169344K, reserved 1245184K
  class space    used 22201K, committed 23424K, reserved 1048576K
GC Heap History (20 events):
Event: 99.743 GC heap before
{Heap before GC invocations=53 (full 0):
 garbage-first heap   total 321536K, used 291274K [0x0000000080000000, 0x0000000100000000)
  region size 1024K, 106 young (108544K), 6 survivors (6144K)
 Metaspace       used 141176K, committed 143424K, reserved 1179648K
  class space    used 19504K, committed 20608K, reserved 1048576K
}
Event: 99.749 GC heap after
{Heap after GC invocations=54 (full 0):
 garbage-first heap   total 321536K, used 190489K [0x0000000080000000, 0x0000000100000000)
  region size 1024K, 5 young (5120K), 5 survivors (5120K)
 Metaspace       used 141176K, committed 143424K, reserved 1179648K
  class space    used 19504K, committed 20608K, reserved 1048576K
}
Event: 131.156 GC heap before
{Heap before GC invocations=55 (full 0):
 garbage-first heap   total 321536K, used 296985K [0x0000000080000000, 0x0000000100000000)
  region size 1024K, 110 young (112640K), 5 survivors (5120K)
 Metaspace       used 141695K, committed 143872K, reserved 1179648K
  class space    used 19549K, committed 20608K, reserved 1048576K
}
Event: 131.164 GC heap after
{Heap after GC invocations=56 (full 0):
 garbage-first heap   total 321536K, used 191025K [0x0000000080000000, 0x0000000100000000)
  region size 1024K, 6 young (6144K), 6 survivors (6144K)
 Metaspace       used 141695K, committed 143872K, reserved 1179648K
  class space    used 19549K, committed 20608K, reserved 1048576K
}
Event: 144.365 GC heap before
{Heap before GC invocations=56 (full 0):
 garbage-first heap   total 321536K, used 295473K [0x0000000080000000, 0x0000000100000000)
  region size 1024K, 109 young (111616K), 6 survivors (6144K)
 Metaspace       used 143374K, committed 145664K, reserved 1179648K
  class space    used 19692K, committed 20864K, reserved 1048576K
}
Event: 144.374 GC heap after
{Heap after GC invocations=57 (full 0):
 garbage-first heap   total 321536K, used 192493K [0x0000000080000000, 0x0000000100000000)
  region size 1024K, 9 young (9216K), 9 survivors (9216K)
 Metaspace       used 143374K, committed 145664K, reserved 1179648K
  class space    used 19692K, committed 20864K, reserved 1048576K
}
Event: 169.626 GC heap before
{Heap before GC invocations=57 (full 0):
 garbage-first heap   total 321536K, used 292845K [0x0000000080000000, 0x0000000100000000)
  region size 1024K, 108 young (110592K), 9 survivors (9216K)
 Metaspace       used 147692K, committed 150016K, reserved 1179648K
  class space    used 20200K, committed 21376K, reserved 1048576K
}
Event: 169.641 GC heap after
{Heap after GC invocations=58 (full 0):
 garbage-first heap   total 321536K, used 199673K [0x0000000080000000, 0x0000000100000000)
  region size 1024K, 14 young (14336K), 14 survivors (14336K)
 Metaspace       used 147692K, committed 150016K, reserved 1179648K
  class space    used 20200K, committed 21376K, reserved 1048576K
}
Event: 250.356 GC heap before
{Heap before GC invocations=59 (full 0):
 garbage-first heap   total 332800K, used 288761K [0x0000000080000000, 0x0000000100000000)
  region size 1024K, 102 young (104448K), 14 survivors (14336K)
 Metaspace       used 151073K, committed 153472K, reserved 1245184K
  class space    used 20575K, committed 21760K, reserved 1048576K
}
Event: 250.372 GC heap after
{Heap after GC invocations=60 (full 0):
 garbage-first heap   total 332800K, used 202942K [0x0000000080000000, 0x0000000100000000)
  region size 1024K, 5 young (5120K), 5 survivors (5120K)
 Metaspace       used 151073K, committed 153472K, reserved 1245184K
  class space    used 20575K, committed 21760K, reserved 1048576K
}
Event: 344.493 GC heap before
{Heap before GC invocations=60 (full 0):
 garbage-first heap   total 332800K, used 308414K [0x0000000080000000, 0x0000000100000000)
  region size 1024K, 109 young (111616K), 5 survivors (5120K)
 Metaspace       used 155532K, committed 157888K, reserved 1245184K
  class space    used 20968K, committed 22144K, reserved 1048576K
}
Event: 344.504 GC heap after
{Heap after GC invocations=61 (full 0):
 garbage-first heap   total 332800K, used 207899K [0x0000000080000000, 0x0000000100000000)
  region size 1024K, 10 young (10240K), 10 survivors (10240K)
 Metaspace       used 155532K, committed 157888K, reserved 1245184K
  class space    used 20968K, committed 22144K, reserved 1048576K
}
Event: 345.592 GC heap before
{Heap before GC invocations=61 (full 0):
 garbage-first heap   total 332800K, used 304155K [0x0000000080000000, 0x0000000100000000)
  region size 1024K, 104 young (106496K), 10 survivors (10240K)
 Metaspace       used 157767K, committed 160192K, reserved 1245184K
  class space    used 21235K, committed 22400K, reserved 1048576K
}
Event: 345.608 GC heap after
{Heap after GC invocations=62 (full 0):
 garbage-first heap   total 332800K, used 218198K [0x0000000080000000, 0x0000000100000000)
  region size 1024K, 13 young (13312K), 13 survivors (13312K)
 Metaspace       used 157767K, committed 160192K, reserved 1245184K
  class space    used 21235K, committed 22400K, reserved 1048576K
}
Event: 347.505 GC heap before
{Heap before GC invocations=63 (full 0):
 garbage-first heap   total 365568K, used 298070K [0x0000000080000000, 0x0000000100000000)
  region size 1024K, 92 young (94208K), 13 survivors (13312K)
 Metaspace       used 159879K, committed 162368K, reserved 1245184K
  class space    used 21572K, committed 22784K, reserved 1048576K
}
Event: 347.530 GC heap after
{Heap after GC invocations=64 (full 0):
 garbage-first heap   total 365568K, used 228043K [0x0000000080000000, 0x0000000100000000)
  region size 1024K, 10 young (10240K), 10 survivors (10240K)
 Metaspace       used 159879K, committed 162368K, reserved 1245184K
  class space    used 21572K, committed 22784K, reserved 1048576K
}
Event: 349.804 GC heap before
{Heap before GC invocations=64 (full 0):
 garbage-first heap   total 365568K, used 341707K [0x0000000080000000, 0x0000000100000000)
  region size 1024K, 115 young (117760K), 10 survivors (10240K)
 Metaspace       used 163031K, committed 165568K, reserved 1245184K
  class space    used 21886K, committed 23104K, reserved 1048576K
}
Event: 350.841 GC heap after
{Heap after GC invocations=65 (full 0):
 garbage-first heap   total 374784K, used 243712K [0x0000000080000000, 0x0000000100000000)
  region size 1024K, 15 young (15360K), 15 survivors (15360K)
 Metaspace       used 163031K, committed 165568K, reserved 1245184K
  class space    used 21886K, committed 23104K, reserved 1048576K
}
Event: 351.852 GC heap before
{Heap before GC invocations=65 (full 0):
 garbage-first heap   total 374784K, used 322560K [0x0000000080000000, 0x0000000100000000)
  region size 1024K, 94 young (96256K), 15 survivors (15360K)
 Metaspace       used 166650K, committed 169088K, reserved 1245184K
  class space    used 22189K, committed 23360K, reserved 1048576K
}
Event: 351.864 GC heap after
{Heap after GC invocations=66 (full 0):
 garbage-first heap   total 374784K, used 244026K [0x0000000080000000, 0x0000000100000000)
  region size 1024K, 3 young (3072K), 3 survivors (3072K)
 Metaspace       used 166650K, committed 169088K, reserved 1245184K
  class space    used 22189K, committed 23360K, reserved 1048576K
}

