# JRE version: OpenJDK Runtime Environment (21.0.8) (build 21.0.8+-14196175-b1038.72)
# Java VM: OpenJDK 64-Bit Server VM (21.0.8+-14196175-b1038.72, mixed mode, tiered, compressed oops, compressed class ptrs, g1 gc, windows-amd64)
GC Precious Log:
 CardTable entry size: 512
 Card Set container configuration: InlinePtr #cards 5 size 8 Array Of Cards #cards 12 size 40 Howl #buckets 4 coarsen threshold 1843 Howl Bitmap #cards 512 size 80 coarsen threshold 460 Card regions per heap region 1 cards per card region 2048
 CPUs: 12 total, 12 available
 Memory: 7501M
 Large Page Support: Disabled
 NUMA Support: Disabled
 Compressed Oops: Enabled (32-bit)
 Heap Region Size: 1M
 Heap Min Capacity: 8M
 Heap Initial Capacity: 118M
 Heap Max Capacity: 1876M
 Pre-touch: Disabled
 Parallel Workers: 10
 Concurrent Workers: 3
 Concurrent Refinement Workers: 10
 Periodic GC: Disabled
Heap:
 garbage-first heap   total 35840K, used 24929K [0x000000008ac00000, 0x0000000100000000)
  region size 1024K, 12 young (12288K), 2 survivors (2048K)
 Metaspace       used 29822K, committed 30080K, reserved 1114112K
  class space    used 3786K, committed 3904K, reserved 1048576K
GC Heap History (8 events):
Event: 2.078 GC heap before
{Heap before GC invocations=0 (full 0):
 garbage-first heap   total 120832K, used 27648K [0x000000008ac00000, 0x0000000100000000)
  region size 1024K, 23 young (23552K), 0 survivors (0K)
 Metaspace       used 15046K, committed 15232K, reserved 1114112K
  class space    used 1521K, committed 1600K, reserved 1048576K
}
Event: 2.089 GC heap after
{Heap after GC invocations=1 (full 0):
 garbage-first heap   total 120832K, used 7104K [0x000000008ac00000, 0x0000000100000000)
  region size 1024K, 3 young (3072K), 3 survivors (3072K)
 Metaspace       used 15046K, committed 15232K, reserved 1114112K
  class space    used 1521K, committed 1600K, reserved 1048576K
}
Event: 9.865 GC heap before
{Heap before GC invocations=1 (full 0):
 garbage-first heap   total 120832K, used 25536K [0x000000008ac00000, 0x0000000100000000)
  region size 1024K, 22 young (22528K), 3 survivors (3072K)
 Metaspace       used 21324K, committed 21504K, reserved 1114112K
  class space    used 2294K, committed 2368K, reserved 1048576K
}
Event: 9.876 GC heap after
{Heap after GC invocations=2 (full 0):
 garbage-first heap   total 120832K, used 8172K [0x000000008ac00000, 0x0000000100000000)
  region size 1024K, 2 young (2048K), 2 survivors (2048K)
 Metaspace       used 21324K, committed 21504K, reserved 1114112K
  class space    used 2294K, committed 2368K, reserved 1048576K
}
Event: 10.384 GC heap before
{Heap before GC invocations=3 (full 0):
 garbage-first heap   total 30720K, used 29676K [0x000000008ac00000, 0x0000000100000000)
  region size 1024K, 21 young (21504K), 2 survivors (2048K)
 Metaspace       used 24328K, committed 24640K, reserved 1114112K
  class space    used 2964K, committed 3072K, reserved 1048576K
}
Event: 10.403 GC heap after
{Heap after GC invocations=4 (full 0):
 garbage-first heap   total 35840K, used 14118K [0x000000008ac00000, 0x0000000100000000)
  region size 1024K, 5 young (5120K), 5 survivors (5120K)
 Metaspace       used 24328K, committed 24640K, reserved 1114112K
  class space    used 2964K, committed 3072K, reserved 1048576K
}
Event: 10.908 GC heap before
{Heap before GC invocations=4 (full 0):
 garbage-first heap   total 35840K, used 27430K [0x000000008ac00000, 0x0000000100000000)
  region size 1024K, 18 young (18432K), 5 survivors (5120K)
 Metaspace       used 27676K, committed 27904K, reserved 1114112K
  class space    used 3560K, committed 3648K, reserved 1048576K
}
Event: 10.925 GC heap after
{Heap after GC invocations=5 (full 0):
 garbage-first heap   total 35840K, used 15713K [0x000000008ac00000, 0x0000000100000000)
  region size 1024K, 2 young (2048K), 2 survivors (2048K)
 Metaspace       used 27676K, committed 27904K, reserved 1114112K
  class space    used 3560K, committed 3648K, reserved 1048576K
}

