# JRE version: OpenJDK Runtime Environment (21.0.8) (build 21.0.8+-14196175-b1038.72)
# Java VM: OpenJDK 64-Bit Server VM (21.0.8+-14196175-b1038.72, mixed mode, tiered, compressed oops, compressed class ptrs, g1 gc, windows-amd64)
GC Precious Log:
 CardTable entry size: 512
 Card Set container configuration: InlinePtr #cards 5 size 8 Array Of Cards #cards 12 size 40 Howl #buckets 4 coarsen threshold 1843 Howl Bitmap #cards 512 size 80 coarsen threshold 460 Card regions per heap region 1 cards per card region 2048
 CPUs: 12 total, 12 available
 Memory: 7501M
 Large Page Support: Disabled
 NUMA Support: Disabled
 Compressed Oops: Enabled (32-bit)
 Heap Region Size: 1M
 Heap Min Capacity: 8M
 Heap Initial Capacity: 118M
 Heap Max Capacity: 1876M
 Pre-touch: Disabled
 Parallel Workers: 10
 Concurrent Workers: 3
 Concurrent Refinement Workers: 10
 Periodic GC: Disabled
Heap:
 garbage-first heap   total 67584K, used 44461K [0x000000008ac00000, 0x0000000100000000)
  region size 1024K, 7 young (7168K), 3 survivors (3072K)
 Metaspace       used 52932K, committed 53632K, reserved 1114112K
  class space    used 6329K, committed 6656K, reserved 1048576K
GC Heap History (20 events):
Event: 3.298 GC heap before
{Heap before GC invocations=10 (full 0):
 garbage-first heap   total 40960K, used 34555K [0x000000008ac00000, 0x0000000100000000)
  region size 1024K, 18 young (18432K), 3 survivors (3072K)
 Metaspace       used 38252K, committed 38784K, reserved 1114112K
  class space    used 4723K, committed 4992K, reserved 1048576K
}
Event: 3.303 GC heap after
{Heap after GC invocations=11 (full 0):
 garbage-first heap   total 40960K, used 20103K [0x000000008ac00000, 0x0000000100000000)
  region size 1024K, 3 young (3072K), 3 survivors (3072K)
 Metaspace       used 38252K, committed 38784K, reserved 1114112K
  class space    used 4723K, committed 4992K, reserved 1048576K
}
Event: 3.700 GC heap before
{Heap before GC invocations=11 (full 0):
 garbage-first heap   total 40960K, used 33415K [0x000000008ac00000, 0x0000000100000000)
  region size 1024K, 17 young (17408K), 3 survivors (3072K)
 Metaspace       used 41905K, committed 42624K, reserved 1114112K
  class space    used 5191K, committed 5568K, reserved 1048576K
}
Event: 3.708 GC heap after
{Heap after GC invocations=12 (full 0):
 garbage-first heap   total 40960K, used 21803K [0x000000008ac00000, 0x0000000100000000)
  region size 1024K, 3 young (3072K), 3 survivors (3072K)
 Metaspace       used 41905K, committed 42624K, reserved 1114112K
  class space    used 5191K, committed 5568K, reserved 1048576K
}
Event: 4.005 GC heap before
{Heap before GC invocations=12 (full 0):
 garbage-first heap   total 40960K, used 34091K [0x000000008ac00000, 0x0000000100000000)
  region size 1024K, 16 young (16384K), 3 survivors (3072K)
 Metaspace       used 44857K, committed 45568K, reserved 1114112K
  class space    used 5560K, committed 5888K, reserved 1048576K
}
Event: 4.013 GC heap after
{Heap after GC invocations=13 (full 0):
 garbage-first heap   total 49152K, used 23314K [0x000000008ac00000, 0x0000000100000000)
  region size 1024K, 2 young (2048K), 2 survivors (2048K)
 Metaspace       used 44857K, committed 45568K, reserved 1114112K
  class space    used 5560K, committed 5888K, reserved 1048576K
}
Event: 4.424 GC heap before
{Heap before GC invocations=14 (full 0):
 garbage-first heap   total 49152K, used 42770K [0x000000008ac00000, 0x0000000100000000)
  region size 1024K, 20 young (20480K), 2 survivors (2048K)
 Metaspace       used 47943K, committed 48576K, reserved 1114112K
  class space    used 5902K, committed 6208K, reserved 1048576K
}
Event: 4.433 GC heap after
{Heap after GC invocations=15 (full 0):
 garbage-first heap   total 49152K, used 28314K [0x000000008ac00000, 0x0000000100000000)
  region size 1024K, 3 young (3072K), 3 survivors (3072K)
 Metaspace       used 47943K, committed 48576K, reserved 1114112K
  class space    used 5902K, committed 6208K, reserved 1048576K
}
Event: 4.931 GC heap before
{Heap before GC invocations=15 (full 0):
 garbage-first heap   total 49152K, used 42650K [0x000000008ac00000, 0x0000000100000000)
  region size 1024K, 17 young (17408K), 3 survivors (3072K)
 Metaspace       used 50061K, committed 50752K, reserved 1114112K
  class space    used 6086K, committed 6400K, reserved 1048576K
}
Event: 4.943 GC heap after
{Heap after GC invocations=16 (full 0):
 garbage-first heap   total 50176K, used 30889K [0x000000008ac00000, 0x0000000100000000)
  region size 1024K, 3 young (3072K), 3 survivors (3072K)
 Metaspace       used 50061K, committed 50752K, reserved 1114112K
  class space    used 6086K, committed 6400K, reserved 1048576K
}
Event: 5.171 GC heap before
{Heap before GC invocations=16 (full 0):
 garbage-first heap   total 50176K, used 38057K [0x000000008ac00000, 0x0000000100000000)
  region size 1024K, 11 young (11264K), 3 survivors (3072K)
 Metaspace       used 50506K, committed 51136K, reserved 1114112K
  class space    used 6097K, committed 6400K, reserved 1048576K
}
Event: 5.181 GC heap after
{Heap after GC invocations=17 (full 0):
 garbage-first heap   total 50176K, used 32100K [0x000000008ac00000, 0x0000000100000000)
  region size 1024K, 2 young (2048K), 2 survivors (2048K)
 Metaspace       used 50506K, committed 51136K, reserved 1114112K
  class space    used 6097K, committed 6400K, reserved 1048576K
}
Event: 5.239 GC heap before
{Heap before GC invocations=18 (full 0):
 garbage-first heap   total 56320K, used 43364K [0x000000008ac00000, 0x0000000100000000)
  region size 1024K, 13 young (13312K), 2 survivors (2048K)
 Metaspace       used 50537K, committed 51200K, reserved 1114112K
  class space    used 6098K, committed 6400K, reserved 1048576K
}
Event: 5.246 GC heap after
{Heap after GC invocations=19 (full 0):
 garbage-first heap   total 67584K, used 35195K [0x000000008ac00000, 0x0000000100000000)
  region size 1024K, 2 young (2048K), 2 survivors (2048K)
 Metaspace       used 50537K, committed 51200K, reserved 1114112K
  class space    used 6098K, committed 6400K, reserved 1048576K
}
Event: 5.530 GC heap before
{Heap before GC invocations=19 (full 0):
 garbage-first heap   total 67584K, used 55675K [0x000000008ac00000, 0x0000000100000000)
  region size 1024K, 22 young (22528K), 2 survivors (2048K)
 Metaspace       used 50814K, committed 51520K, reserved 1114112K
  class space    used 6101K, committed 6400K, reserved 1048576K
}
Event: 5.540 GC heap after
{Heap after GC invocations=20 (full 0):
 garbage-first heap   total 67584K, used 36030K [0x000000008ac00000, 0x0000000100000000)
  region size 1024K, 3 young (3072K), 3 survivors (3072K)
 Metaspace       used 50814K, committed 51520K, reserved 1114112K
  class space    used 6101K, committed 6400K, reserved 1048576K
}
Event: 5.930 GC heap before
{Heap before GC invocations=20 (full 0):
 garbage-first heap   total 67584K, used 56510K [0x000000008ac00000, 0x0000000100000000)
  region size 1024K, 23 young (23552K), 3 survivors (3072K)
 Metaspace       used 52005K, committed 52672K, reserved 1114112K
  class space    used 6227K, committed 6528K, reserved 1048576K
}
Event: 5.940 GC heap after
{Heap after GC invocations=21 (full 0):
 garbage-first heap   total 67584K, used 38833K [0x000000008ac00000, 0x0000000100000000)
  region size 1024K, 3 young (3072K), 3 survivors (3072K)
 Metaspace       used 52005K, committed 52672K, reserved 1114112K
  class space    used 6227K, committed 6528K, reserved 1048576K
}
Event: 6.357 GC heap before
{Heap before GC invocations=22 (full 0):
 garbage-first heap   total 67584K, used 57265K [0x000000008ac00000, 0x0000000100000000)
  region size 1024K, 21 young (21504K), 3 survivors (3072K)
 Metaspace       used 52830K, committed 53504K, reserved 1114112K
  class space    used 6321K, committed 6656K, reserved 1048576K
}
Event: 6.366 GC heap after
{Heap after GC invocations=23 (full 0):
 garbage-first heap   total 67584K, used 41389K [0x000000008ac00000, 0x0000000100000000)
  region size 1024K, 3 young (3072K), 3 survivors (3072K)
 Metaspace       used 52830K, committed 53504K, reserved 1114112K
  class space    used 6321K, committed 6656K, reserved 1048576K
}

