# JRE version: OpenJDK Runtime Environment (21.0.8) (build 21.0.8+-14196175-b1038.72)
# Java VM: OpenJDK 64-Bit Server VM (21.0.8+-14196175-b1038.72, mixed mode, tiered, compressed oops, compressed class ptrs, g1 gc, windows-amd64)
GC Precious Log:
 CardTable entry size: 512
 Card Set container configuration: InlinePtr #cards 5 size 8 Array Of Cards #cards 12 size 40 Howl #buckets 4 coarsen threshold 1843 Howl Bitmap #cards 512 size 80 coarsen threshold 460 Card regions per heap region 1 cards per card region 2048
 CPUs: 12 total, 12 available
 Memory: 7501M
 Large Page Support: Disabled
 NUMA Support: Disabled
 Compressed Oops: Enabled (32-bit)
 Heap Region Size: 1M
 Heap Min Capacity: 8M
 Heap Initial Capacity: 118M
 Heap Max Capacity: 1876M
 Pre-touch: Disabled
 Parallel Workers: 10
 Concurrent Workers: 3
 Concurrent Refinement Workers: 10
 Periodic GC: Disabled
Heap:
 garbage-first heap   total 84992K, used 42569K [0x000000008ac00000, 0x0000000100000000)
  region size 1024K, 7 young (7168K), 1 survivors (1024K)
 Metaspace       used 50989K, committed 51648K, reserved 1114112K
  class space    used 6108K, committed 6400K, reserved 1048576K
GC Heap History (20 events):
Event: 2.358 GC heap before
{Heap before GC invocations=6 (full 0):
 garbage-first heap   total 32768K, used 26120K [0x000000008ac00000, 0x0000000100000000)
  region size 1024K, 11 young (11264K), 1 survivors (1024K)
 Metaspace       used 30826K, committed 31104K, reserved 1114112K
  class space    used 3891K, committed 4032K, reserved 1048576K
}
Event: 2.365 GC heap after
{Heap after GC invocations=7 (full 0):
 garbage-first heap   total 32768K, used 16263K [0x000000008ac00000, 0x0000000100000000)
  region size 1024K, 2 young (2048K), 2 survivors (2048K)
 Metaspace       used 30826K, committed 31104K, reserved 1114112K
  class space    used 3891K, committed 4032K, reserved 1048576K
}
Event: 2.760 GC heap before
{Heap before GC invocations=8 (full 0):
 garbage-first heap   total 32768K, used 26503K [0x000000008ac00000, 0x0000000100000000)
  region size 1024K, 13 young (13312K), 2 survivors (2048K)
 Metaspace       used 33104K, committed 33280K, reserved 1114112K
  class space    used 4137K, committed 4224K, reserved 1048576K
}
Event: 2.769 GC heap after
{Heap after GC invocations=9 (full 0):
 garbage-first heap   total 44032K, used 17740K [0x000000008ac00000, 0x0000000100000000)
  region size 1024K, 2 young (2048K), 2 survivors (2048K)
 Metaspace       used 33104K, committed 33280K, reserved 1114112K
  class space    used 4137K, committed 4224K, reserved 1048576K
}
Event: 3.088 GC heap before
{Heap before GC invocations=9 (full 0):
 garbage-first heap   total 44032K, used 34124K [0x000000008ac00000, 0x0000000100000000)
  region size 1024K, 19 young (19456K), 2 survivors (2048K)
 Metaspace       used 36785K, committed 37120K, reserved 1114112K
  class space    used 4500K, committed 4672K, reserved 1048576K
}
Event: 3.094 GC heap after
{Heap after GC invocations=10 (full 0):
 garbage-first heap   total 44032K, used 19224K [0x000000008ac00000, 0x0000000100000000)
  region size 1024K, 3 young (3072K), 3 survivors (3072K)
 Metaspace       used 36785K, committed 37120K, reserved 1114112K
  class space    used 4500K, committed 4672K, reserved 1048576K
}
Event: 3.350 GC heap before
{Heap before GC invocations=10 (full 0):
 garbage-first heap   total 44032K, used 36632K [0x000000008ac00000, 0x0000000100000000)
  region size 1024K, 21 young (21504K), 3 survivors (3072K)
 Metaspace       used 39678K, committed 40320K, reserved 1114112K
  class space    used 4922K, committed 5248K, reserved 1048576K
}
Event: 3.359 GC heap after
{Heap after GC invocations=11 (full 0):
 garbage-first heap   total 44032K, used 20492K [0x000000008ac00000, 0x0000000100000000)
  region size 1024K, 2 young (2048K), 2 survivors (2048K)
 Metaspace       used 39678K, committed 40320K, reserved 1114112K
  class space    used 4922K, committed 5248K, reserved 1048576K
}
Event: 3.767 GC heap before
{Heap before GC invocations=11 (full 0):
 garbage-first heap   total 44032K, used 36876K [0x000000008ac00000, 0x0000000100000000)
  region size 1024K, 18 young (18432K), 2 survivors (2048K)
 Metaspace       used 43427K, committed 44096K, reserved 1114112K
  class space    used 5359K, committed 5696K, reserved 1048576K
}
Event: 3.773 GC heap after
{Heap after GC invocations=12 (full 0):
 garbage-first heap   total 44032K, used 22407K [0x000000008ac00000, 0x0000000100000000)
  region size 1024K, 3 young (3072K), 3 survivors (3072K)
 Metaspace       used 43427K, committed 44096K, reserved 1114112K
  class space    used 5359K, committed 5696K, reserved 1048576K
}
Event: 3.985 GC heap before
{Heap before GC invocations=12 (full 0):
 garbage-first heap   total 44032K, used 30599K [0x000000008ac00000, 0x0000000100000000)
  region size 1024K, 12 young (12288K), 3 survivors (3072K)
 Metaspace       used 45533K, committed 46208K, reserved 1114112K
  class space    used 5619K, committed 5952K, reserved 1048576K
}
Event: 3.992 GC heap after
{Heap after GC invocations=13 (full 0):
 garbage-first heap   total 53248K, used 23698K [0x000000008ac00000, 0x0000000100000000)
  region size 1024K, 2 young (2048K), 2 survivors (2048K)
 Metaspace       used 45533K, committed 46208K, reserved 1114112K
  class space    used 5619K, committed 5952K, reserved 1048576K
}
Event: 4.580 GC heap before
{Heap before GC invocations=13 (full 0):
 garbage-first heap   total 53248K, used 46226K [0x000000008ac00000, 0x0000000100000000)
  region size 1024K, 23 young (23552K), 2 survivors (2048K)
 Metaspace       used 49369K, committed 50048K, reserved 1114112K
  class space    used 6016K, committed 6336K, reserved 1048576K
}
Event: 4.593 GC heap after
{Heap after GC invocations=14 (full 0):
 garbage-first heap   total 53248K, used 29030K [0x000000008ac00000, 0x0000000100000000)
  region size 1024K, 3 young (3072K), 3 survivors (3072K)
 Metaspace       used 49369K, committed 50048K, reserved 1114112K
  class space    used 6016K, committed 6336K, reserved 1048576K
}
Event: 5.264 GC heap before
{Heap before GC invocations=14 (full 0):
 garbage-first heap   total 53248K, used 45414K [0x000000008ac00000, 0x0000000100000000)
  region size 1024K, 19 young (19456K), 3 survivors (3072K)
 Metaspace       used 50823K, committed 51456K, reserved 1114112K
  class space    used 6105K, committed 6400K, reserved 1048576K
}
Event: 5.276 GC heap after
{Heap after GC invocations=15 (full 0):
 garbage-first heap   total 53248K, used 32248K [0x000000008ac00000, 0x0000000100000000)
  region size 1024K, 3 young (3072K), 3 survivors (3072K)
 Metaspace       used 50823K, committed 51456K, reserved 1114112K
  class space    used 6105K, committed 6400K, reserved 1048576K
}
Event: 5.374 GC heap before
{Heap before GC invocations=16 (full 0):
 garbage-first heap   total 55296K, used 46584K [0x000000008ac00000, 0x0000000100000000)
  region size 1024K, 16 young (16384K), 3 survivors (3072K)
 Metaspace       used 50829K, committed 51456K, reserved 1114112K
  class space    used 6106K, committed 6400K, reserved 1048576K
}
Event: 5.386 GC heap after
{Heap after GC invocations=17 (full 0):
 garbage-first heap   total 55296K, used 36643K [0x000000008ac00000, 0x0000000100000000)
  region size 1024K, 2 young (2048K), 2 survivors (2048K)
 Metaspace       used 50829K, committed 51456K, reserved 1114112K
  class space    used 6106K, committed 6400K, reserved 1048576K
}
Event: 5.474 GC heap before
{Heap before GC invocations=17 (full 0):
 garbage-first heap   total 55296K, used 47907K [0x000000008ac00000, 0x0000000100000000)
  region size 1024K, 13 young (13312K), 2 survivors (2048K)
 Metaspace       used 50878K, committed 51520K, reserved 1114112K
  class space    used 6108K, committed 6400K, reserved 1048576K
}
Event: 5.480 GC heap after
{Heap after GC invocations=18 (full 0):
 garbage-first heap   total 84992K, used 37449K [0x000000008ac00000, 0x0000000100000000)
  region size 1024K, 1 young (1024K), 1 survivors (1024K)
 Metaspace       used 50878K, committed 51520K, reserved 1114112K
  class space    used 6108K, committed 6400K, reserved 1048576K
}

