# JRE version: OpenJDK Runtime Environment (21.0.8) (build 21.0.8+-14196175-b1038.72)
# Java VM: OpenJDK 64-Bit Server VM (21.0.8+-14196175-b1038.72, mixed mode, tiered, compressed oops, compressed class ptrs, g1 gc, windows-amd64)
GC Precious Log:
 CardTable entry size: 512
 Card Set container configuration: InlinePtr #cards 5 size 8 Array Of Cards #cards 12 size 40 Howl #buckets 4 coarsen threshold 1843 Howl Bitmap #cards 512 size 80 coarsen threshold 460 Card regions per heap region 1 cards per card region 2048
 CPUs: 12 total, 12 available
 Memory: 7501M
 Large Page Support: Disabled
 NUMA Support: Disabled
 Compressed Oops: Enabled (32-bit)
 Heap Region Size: 1M
 Heap Min Capacity: 8M
 Heap Initial Capacity: 118M
 Heap Max Capacity: 1876M
 Pre-touch: Disabled
 Parallel Workers: 10
 Concurrent Workers: 3
 Concurrent Refinement Workers: 10
 Periodic GC: Disabled
Heap:
 garbage-first heap   total 144384K, used 82136K [0x000000008ac00000, 0x0000000100000000)
  region size 1024K, 10 young (10240K), 2 survivors (2048K)
 Metaspace       used 85151K, committed 85952K, reserved 1179648K
  class space    used 9148K, committed 9536K, reserved 1048576K
GC Heap History (20 events):
Event: 9.116 GC heap before
{Heap before GC invocations=25 (full 0):
 garbage-first heap   total 84992K, used 74257K [0x000000008ac00000, 0x0000000100000000)
  region size 1024K, 29 young (29696K), 4 survivors (4096K)
 Metaspace       used 57507K, committed 58176K, reserved 1114112K
  class space    used 6593K, committed 6912K, reserved 1048576K
}
Event: 9.125 GC heap after
{Heap after GC invocations=26 (full 0):
 garbage-first heap   total 84992K, used 51160K [0x000000008ac00000, 0x0000000100000000)
  region size 1024K, 3 young (3072K), 3 survivors (3072K)
 Metaspace       used 57507K, committed 58176K, reserved 1114112K
  class space    used 6593K, committed 6912K, reserved 1048576K
}
Event: 9.987 GC heap before
{Heap before GC invocations=26 (full 0):
 garbage-first heap   total 84992K, used 74712K [0x000000008ac00000, 0x0000000100000000)
  region size 1024K, 26 young (26624K), 3 survivors (3072K)
 Metaspace       used 58015K, committed 58624K, reserved 1114112K
  class space    used 6596K, committed 6912K, reserved 1048576K
}
Event: 10.000 GC heap after
{Heap after GC invocations=27 (full 0):
 garbage-first heap   total 84992K, used 52420K [0x000000008ac00000, 0x0000000100000000)
  region size 1024K, 2 young (2048K), 2 survivors (2048K)
 Metaspace       used 58015K, committed 58624K, reserved 1114112K
  class space    used 6596K, committed 6912K, reserved 1048576K
}
Event: 10.699 GC heap before
{Heap before GC invocations=27 (full 0):
 garbage-first heap   total 84992K, used 75972K [0x000000008ac00000, 0x0000000100000000)
  region size 1024K, 25 young (25600K), 2 survivors (2048K)
 Metaspace       used 58446K, committed 59136K, reserved 1114112K
  class space    used 6615K, committed 6912K, reserved 1048576K
}
Event: 10.707 GC heap after
{Heap after GC invocations=28 (full 0):
 garbage-first heap   total 84992K, used 54827K [0x000000008ac00000, 0x0000000100000000)
  region size 1024K, 4 young (4096K), 4 survivors (4096K)
 Metaspace       used 58446K, committed 59136K, reserved 1114112K
  class space    used 6615K, committed 6912K, reserved 1048576K
}
Event: 11.202 GC heap before
{Heap before GC invocations=29 (full 0):
 garbage-first heap   total 92160K, used 75307K [0x000000008ac00000, 0x0000000100000000)
  region size 1024K, 24 young (24576K), 4 survivors (4096K)
 Metaspace       used 59779K, committed 60416K, reserved 1114112K
  class space    used 6741K, committed 7040K, reserved 1048576K
}
Event: 11.214 GC heap after
{Heap after GC invocations=30 (full 0):
 garbage-first heap   total 92160K, used 56594K [0x000000008ac00000, 0x0000000100000000)
  region size 1024K, 2 young (2048K), 2 survivors (2048K)
 Metaspace       used 59779K, committed 60416K, reserved 1114112K
  class space    used 6741K, committed 7040K, reserved 1048576K
}
Event: 11.814 GC heap before
{Heap before GC invocations=30 (full 0):
 garbage-first heap   total 92160K, used 84242K [0x000000008ac00000, 0x0000000100000000)
  region size 1024K, 28 young (28672K), 2 survivors (2048K)
 Metaspace       used 64662K, committed 65344K, reserved 1114112K
  class space    used 7245K, committed 7552K, reserved 1048576K
}
Event: 11.824 GC heap after
{Heap after GC invocations=31 (full 0):
 garbage-first heap   total 110592K, used 59950K [0x000000008ac00000, 0x0000000100000000)
  region size 1024K, 4 young (4096K), 4 survivors (4096K)
 Metaspace       used 64662K, committed 65344K, reserved 1114112K
  class space    used 7245K, committed 7552K, reserved 1048576K
}
Event: 12.702 GC heap before
{Heap before GC invocations=31 (full 0):
 garbage-first heap   total 110592K, used 97838K [0x000000008ac00000, 0x0000000100000000)
  region size 1024K, 42 young (43008K), 4 survivors (4096K)
 Metaspace       used 69008K, committed 69760K, reserved 1114112K
  class space    used 7709K, committed 8064K, reserved 1048576K
}
Event: 12.719 GC heap after
{Heap after GC invocations=32 (full 0):
 garbage-first heap   total 110592K, used 64539K [0x000000008ac00000, 0x0000000100000000)
  region size 1024K, 6 young (6144K), 6 survivors (6144K)
 Metaspace       used 69008K, committed 69760K, reserved 1114112K
  class space    used 7709K, committed 8064K, reserved 1048576K
}
Event: 13.692 GC heap before
{Heap before GC invocations=32 (full 0):
 garbage-first heap   total 110592K, used 97307K [0x000000008ac00000, 0x0000000100000000)
  region size 1024K, 38 young (38912K), 6 survivors (6144K)
 Metaspace       used 70220K, committed 70912K, reserved 1114112K
  class space    used 7803K, committed 8128K, reserved 1048576K
}
Event: 13.726 GC heap after
{Heap after GC invocations=33 (full 0):
 garbage-first heap   total 110592K, used 71526K [0x000000008ac00000, 0x0000000100000000)
  region size 1024K, 5 young (5120K), 5 survivors (5120K)
 Metaspace       used 70220K, committed 70912K, reserved 1114112K
  class space    used 7803K, committed 8128K, reserved 1048576K
}
Event: 14.461 GC heap before
{Heap before GC invocations=33 (full 0):
 garbage-first heap   total 110592K, used 98150K [0x000000008ac00000, 0x0000000100000000)
  region size 1024K, 31 young (31744K), 5 survivors (5120K)
 Metaspace       used 75608K, committed 76352K, reserved 1179648K
  class space    used 8366K, committed 8704K, reserved 1048576K
}
Event: 14.470 GC heap after
{Heap after GC invocations=34 (full 0):
 garbage-first heap   total 110592K, used 73574K [0x000000008ac00000, 0x0000000100000000)
  region size 1024K, 2 young (2048K), 2 survivors (2048K)
 Metaspace       used 75608K, committed 76352K, reserved 1179648K
  class space    used 8366K, committed 8704K, reserved 1048576K
}
Event: 14.977 GC heap before
{Heap before GC invocations=35 (full 0):
 garbage-first heap   total 119808K, used 98150K [0x000000008ac00000, 0x0000000100000000)
  region size 1024K, 28 young (28672K), 2 survivors (2048K)
 Metaspace       used 79711K, committed 80448K, reserved 1179648K
  class space    used 8740K, committed 9088K, reserved 1048576K
}
Event: 14.989 GC heap after
{Heap after GC invocations=36 (full 0):
 garbage-first heap   total 119808K, used 74598K [0x000000008ac00000, 0x0000000100000000)
  region size 1024K, 4 young (4096K), 4 survivors (4096K)
 Metaspace       used 79711K, committed 80448K, reserved 1179648K
  class space    used 8740K, committed 9088K, reserved 1048576K
}
Event: 15.803 GC heap before
{Heap before GC invocations=36 (full 0):
 garbage-first heap   total 119808K, used 106342K [0x000000008ac00000, 0x0000000100000000)
  region size 1024K, 36 young (36864K), 4 survivors (4096K)
 Metaspace       used 83835K, committed 84608K, reserved 1179648K
  class space    used 9040K, committed 9408K, reserved 1048576K
}
Event: 15.815 GC heap after
{Heap after GC invocations=37 (full 0):
 garbage-first heap   total 144384K, used 74968K [0x000000008ac00000, 0x0000000100000000)
  region size 1024K, 2 young (2048K), 2 survivors (2048K)
 Metaspace       used 83835K, committed 84608K, reserved 1179648K
  class space    used 9040K, committed 9408K, reserved 1048576K
}

